  GameObjects.cpp
C:\Users\Administrator\Desktop\CPlusPlusStudy\RPGBattleSystem\GameObjects.h(89,29): error C2027: 정의되지 않은 형식 'Reward'을(를) 사용했습니다.
  (소스 파일 'GameObjects.cpp'을(를) 컴파일하는 중)
  C:\Users\Administrator\Desktop\CPlusPlusStudy\RPGBattleSystem\GameObjects.h(7,7):
  'Reward' 선언을 참조하십시오.
  
C:\Users\Administrator\Desktop\CPlusPlusStudy\RPGBattleSystem\GameObjects.h(113,24): error C2027: 정의되지 않은 형식 'Item'을(를) 사용했습니다.
  (소스 파일 'GameObjects.cpp'을(를) 컴파일하는 중)
  C:\Users\Administrator\Desktop\CPlusPlusStudy\RPGBattleSystem\GameObjects.h(8,7):
  'Item' 선언을 참조하십시오.
  
C:\Users\Administrator\Desktop\CPlusPlusStudy\RPGBattleSystem\GameObjects.h(118,3): warning C4150: 불완전한 형식 'Item'에 대한 포인터를 삭제했습니다. 소멸자가 호출되지 않습니다.
  (소스 파일 'GameObjects.cpp'을(를) 컴파일하는 중)
  C:\Users\Administrator\Desktop\CPlusPlusStudy\RPGBattleSystem\GameObjects.h(8,7):
  'Item' 선언을 참조하십시오.
  
C:\Users\Administrator\Desktop\CPlusPlusStudy\RPGBattleSystem\GameObjects.h(121,33): error C2143: 구문 오류: ';'이(가) '}' 앞에 없습니다.
  (소스 파일 'GameObjects.cpp'을(를) 컴파일하는 중)
  
C:\Users\Administrator\Desktop\CPlusPlusStudy\RPGBattleSystem\GameObjects.h(122,29): error C2143: 구문 오류: ';'이(가) '}' 앞에 없습니다.
  (소스 파일 'GameObjects.cpp'을(를) 컴파일하는 중)
  
  main.cpp
C:\Users\Administrator\Desktop\CPlusPlusStudy\RPGBattleSystem\GameObjects.h(89,29): error C2027: 정의되지 않은 형식 'Reward'을(를) 사용했습니다.
  (소스 파일 'main.cpp'을(를) 컴파일하는 중)
  C:\Users\Administrator\Desktop\CPlusPlusStudy\RPGBattleSystem\GameObjects.h(7,7):
  'Reward' 선언을 참조하십시오.
  
C:\Users\Administrator\Desktop\CPlusPlusStudy\RPGBattleSystem\GameObjects.h(113,24): error C2027: 정의되지 않은 형식 'Item'을(를) 사용했습니다.
  (소스 파일 'main.cpp'을(를) 컴파일하는 중)
  C:\Users\Administrator\Desktop\CPlusPlusStudy\RPGBattleSystem\GameObjects.h(8,7):
  'Item' 선언을 참조하십시오.
  
C:\Users\Administrator\Desktop\CPlusPlusStudy\RPGBattleSystem\GameObjects.h(118,3): warning C4150: 불완전한 형식 'Item'에 대한 포인터를 삭제했습니다. 소멸자가 호출되지 않습니다.
  (소스 파일 'main.cpp'을(를) 컴파일하는 중)
  C:\Users\Administrator\Desktop\CPlusPlusStudy\RPGBattleSystem\GameObjects.h(8,7):
  'Item' 선언을 참조하십시오.
  
C:\Users\Administrator\Desktop\CPlusPlusStudy\RPGBattleSystem\GameObjects.h(121,33): error C2143: 구문 오류: ';'이(가) '}' 앞에 없습니다.
  (소스 파일 'main.cpp'을(를) 컴파일하는 중)
  
C:\Users\Administrator\Desktop\CPlusPlusStudy\RPGBattleSystem\GameObjects.h(122,29): error C2143: 구문 오류: ';'이(가) '}' 앞에 없습니다.
  (소스 파일 'main.cpp'을(를) 컴파일하는 중)
  
C:\Users\Administrator\Desktop\CPlusPlusStudy\RPGBattleSystem\main.cpp(46,9): error C2259: 'Goblin': 추상 클래스를 인스턴스화할 수 없습니다.
  C:\Users\Administrator\Desktop\CPlusPlusStudy\RPGBattleSystem\GameObjects.h(76,7):
  'Goblin' 선언을 참조하십시오.
  C:\Users\Administrator\Desktop\CPlusPlusStudy\RPGBattleSystem\main.cpp(46,9):
  다음 멤버가 원인입니다.
  C:\Users\Administrator\Desktop\CPlusPlusStudy\RPGBattleSystem\main.cpp(46,9):
  'void Monster::Damaged(int)': abstract입니다.
  C:\Users\Administrator\Desktop\CPlusPlusStudy\RPGBattleSystem\GameObjects.h(69,15):
  'Monster::Damaged' 선언을 참조하십시오.
  
C:\Users\Administrator\Desktop\CPlusPlusStudy\RPGBattleSystem\main.cpp(46,15): error C2259: 'Goblin': 추상 클래스를 인스턴스화할 수 없습니다.
  C:\Users\Administrator\Desktop\CPlusPlusStudy\RPGBattleSystem\GameObjects.h(76,7):
  'Goblin' 선언을 참조하십시오.
  C:\Users\Administrator\Desktop\CPlusPlusStudy\RPGBattleSystem\main.cpp(46,15):
  다음 멤버가 원인입니다.
  C:\Users\Administrator\Desktop\CPlusPlusStudy\RPGBattleSystem\main.cpp(46,15):
  'void Monster::Damaged(int)': abstract입니다.
  C:\Users\Administrator\Desktop\CPlusPlusStudy\RPGBattleSystem\GameObjects.h(69,15):
  'Monster::Damaged' 선언을 참조하십시오.
  
  코드를 생성하고 있습니다...
